<?xml version="1.0" encoding="UTF-8"?>
<testng-results ignored="0" total="1" passed="1" failed="0" skipped="0">
  <reporter-output>
    <line>
      <![CDATA[2022-12-02 10:50:04.712  Information-->  This Test Run does Not imply the Creation of a Xray Test Report]]>
    </line>
    <line>
      <![CDATA[2022-12-02 10:50:05.167  Information-->  App File ID, Name and Version will be taken from SauceLabs]]>
    </line>
    <line>
      <![CDATA[2022-12-02 10:50:05.171  Information-->  SauceLabs, Florence App File ID: c6c926f0-69ee-4733-9856-20c7831d6cdb]]>
    </line>
    <line>
      <![CDATA[2022-12-02 10:50:05.174  Information-->  SauceLabs, Florence App Name env - Version: Florence UAT - 2022.13.1-1]]>
    </line>
    <line>
      <![CDATA[2022-12-02 10:50:05.176  Information-->  Running Suite: Test Set - Privacy Policy, one "UAT" environment]]>
    </line>
    <line>
      <![CDATA[2022-12-02 10:50:05.180  Information-->  Capabilities set for SauceLabs iOS Real Device - App, OS: 16]]>
    </line>
    <line>
      <![CDATA[2022-12-02 10:50:36.332  Information-->  SauceLabs Run Details Status: 200]]>
    </line>
    <line>
      <![CDATA[2022-12-02 10:50:36.435  Waiting--> For the Application to Load]]>
    </line>
    <line>
      <![CDATA[2022-12-02 10:50:37.044  Information-->  Application is Running]]>
    </line>
    <line>
      <![CDATA[2022-12-02 10:50:37.046  Waiting--> for "Sign In Button" to be Visible]]>
    </line>
    <line>
      <![CDATA[2022-12-02 10:50:38.470  Action-->  Click on Sign In Button]]>
    </line>
    <line>
      <![CDATA[2022-12-02 10:50:38.471  Waiting--> for "Florence Logo" to be Visible]]>
    </line>
    <line>
      <![CDATA[2022-12-02 10:50:39.518  Action-->  Click on Florence Logo]]>
    </line>
    <line>
      <![CDATA[2022-12-02 10:50:39.518  Waiting--> for "Welcome Message" to be Visible]]>
    </line>
    <line>
      <![CDATA[2022-12-02 10:50:40.547  Assert-->  Verification successful - "Choose An Environment" is Present]]>
    </line>
    <line>
      <![CDATA[2022-12-02 10:50:40.549  Waiting--> for "UAT" element to be Clickable]]>
    </line>
    <line>
      <![CDATA[2022-12-02 10:50:41.462  Action-->  Click on "UAT" element]]>
    </line>
    <line>
      <![CDATA[2022-12-02 10:50:41.465  Waiting--> for "UAT" element to be Clickable]]>
    </line>
    <line>
      <![CDATA[2022-12-02 10:50:42.432  Assert-->  Verification successful: UAT Environment is selected]]>
    </line>
    <line>
      <![CDATA[2022-12-02 10:50:42.433  Waiting--> for "Email Field" to be Visible]]>
    </line>
    <line>
      <![CDATA[2022-12-02 10:50:44.685  Action-->  Click on Email Field]]>
    </line>
    <line>
      <![CDATA[2022-12-02 10:50:46.647  Action-->  Input Email Field: mobile.automation+firstlogin@florencehc.com
]]>
    </line>
    <line>
      <![CDATA[2022-12-02 10:50:46.648  Waiting--> for "Next Button" to be Visible]]>
    </line>
    <line>
      <![CDATA[2022-12-02 10:50:48.120  Action-->  Click on Next Button]]>
    </line>
    <line>
      <![CDATA[2022-12-02 10:50:48.121  Waiting--> for "Password Field" to be Visible]]>
    </line>
    <line>
      <![CDATA[2022-12-02 10:50:50.481  Action-->  Click on Password Field]]>
    </line>
    <line>
      <![CDATA[2022-12-02 10:50:51.420  Action-->  Input Password Field: Password123*
]]>
    </line>
    <line>
      <![CDATA[2022-12-02 10:50:51.421  Waiting--> for "Sign In Button" to be Visible]]>
    </line>
    <line>
      <![CDATA[2022-12-02 10:50:52.833  Action-->  Click on Sign In Button]]>
    </line>
    <line>
      <![CDATA[2022-12-02 10:50:52.857  Waiting--> for "Terms of Use Page Title" to be Visible]]>
    </line>
    <line>
      <![CDATA[2022-12-02 10:51:05.102  Assert-->  Verification successful - "Terms of Use" is Present]]>
    </line>
    <line>
      <![CDATA[2022-12-02 10:51:12.236  Action-->  Scrolling down -Start:568px -End:8px]]>
    </line>
    <line>
      <![CDATA[2022-12-02 10:51:21.915  Action-->  Scrolling down -Start:568px -End:8px]]>
    </line>
    <line>
      <![CDATA[2022-12-02 10:51:23.912  Action-->  Scrolling down -Start:568px -End:8px]]>
    </line>
    <line>
      <![CDATA[2022-12-02 10:51:25.473  Action-->  Scrolling down -Start:568px -End:8px]]>
    </line>
    <line>
      <![CDATA[2022-12-02 10:51:25.473  Waiting--> for "I Agree Button" to be Visible]]>
    </line>
    <line>
      <![CDATA[2022-12-02 10:51:30.289  Action-->  Click on I Agree Button]]>
    </line>
    <line>
      <![CDATA[--- Test Case - mobile_Privacy_Policy_Agreement_EEA_UK_and_Europe_Privacy_Policy_Back_Button -- Finish --> {color:#36b37e}*PASSED*{color} ---\n]]>
    </line>
    <line>
      <![CDATA[\n --- *Test Environment* ---  \nTest Execution video: [https://app.eu-central-1.saucelabs.com/tests/2a9032fd6f0b4458835841517edd15c9?auth=d524770424471a20a65a22346aee3edc|https://app.eu-central-1.saucelabs.com/tests/2a9032fd6f0b4458835841517edd15c9?auth=d524770424471a20a65a22346aee3edc]\nExecution name: eBinders-Florence UAT - 2022.13.1-1 - iOS --> Test Set - Privacy Policy\nDevice name: iPhone XR\nPlatform: iOS\nOS version: 15.6.1\nApp Name: Florence - eBinders\nEnvironment: UAT\nApp Version: 2022.13.1]]>
    </line>
    <line>
      <![CDATA[[32m------------ >>>[ Test PASSED: mobile_Privacy_Policy_Agreement_EEA_UK_and_Europe_Privacy_Policy_Back_Button ]<<< ------------[0m]]>
    </line>
    <line>
      <![CDATA[2022-12-02 10:51:35.893  Information-->  There si no postcondition procedure for TC: mobile_Privacy_Policy_Agreement_EEA_UK_and_Europe_Privacy_Policy_Back_Button]]>
    </line>
    <line>
      <![CDATA[2022-12-02 10:51:36.076  Action-->  Driver quit]]>
    </line>
  </reporter-output>
  <suite started-at="2022-12-02T10:50:36 CET" name="Test Set - Privacy Policy" finished-at="2022-12-02T10:51:36 CET" duration-ms="59653">
    <groups>
      <group name="Smoke">
        <method signature="Privacy_Policy.mobile_Privacy_Policy_Agreement_EEA_UK_and_Europe_Privacy_Policy_Back_Button()[pri:0, instance:testing.appium.eBinders.Privacy_Policy@341aa84d]" name="mobile_Privacy_Policy_Agreement_EEA_UK_and_Europe_Privacy_Policy_Back_Button" class="testing.appium.eBinders.Privacy_Policy"/>
      </group> <!-- Smoke -->
      <group name="iOS">
        <method signature="Privacy_Policy.mobile_Privacy_Policy_Agreement_EEA_UK_and_Europe_Privacy_Policy_Back_Button()[pri:0, instance:testing.appium.eBinders.Privacy_Policy@341aa84d]" name="mobile_Privacy_Policy_Agreement_EEA_UK_and_Europe_Privacy_Policy_Back_Button" class="testing.appium.eBinders.Privacy_Policy"/>
      </group> <!-- iOS -->
      <group name="Android">
        <method signature="Privacy_Policy.mobile_Privacy_Policy_Agreement_EEA_UK_and_Europe_Privacy_Policy_Back_Button()[pri:0, instance:testing.appium.eBinders.Privacy_Policy@341aa84d]" name="mobile_Privacy_Policy_Agreement_EEA_UK_and_Europe_Privacy_Policy_Back_Button" class="testing.appium.eBinders.Privacy_Policy"/>
      </group> <!-- Android -->
    </groups>
    <test started-at="2022-12-02T10:50:36 CET" name="Privacy Policy" finished-at="2022-12-02T10:51:36 CET" duration-ms="59653">
      <class name="testing.appium.eBinders.Privacy_Policy">
        <test-method is-config="true" signature="startSession(java.lang.String,java.lang.String,java.lang.String,boolean,org.testng.ITestContext,org.testng.ITestResult)[pri:0, instance:testing.appium.eBinders.Privacy_Policy@341aa84d]" started-at="2022-12-02T10:50:04 CET" name="startSession" description="Set capabilities depending on the platformParameter, Initiate driver and Page Objects, Create Xray Test Run" finished-at="2022-12-02T10:50:36 CET" duration-ms="31757" status="PASS">
          <params>
            <param index="0">
              <value>
                <![CDATA[SauceLabs_iOS_RealDevice_App]]>
              </value>
            </param>
            <param index="1">
              <value>
                <![CDATA[iOS]]>
              </value>
            </param>
            <param index="2">
              <value>
                <![CDATA[Safari]]>
              </value>
            </param>
            <param index="3">
              <value>
                <![CDATA[false]]>
              </value>
            </param>
            <param index="4">
              <value>
                <![CDATA[org.testng.TestRunner@45e0a9aa]]>
              </value>
            </param>
            <param index="5">
              <value is-null="true"/>
            </param>
          </params>
          <reporter-output>
            <line>
              <![CDATA[2022-12-02 10:50:04.712  Information-->  This Test Run does Not imply the Creation of a Xray Test Report]]>
            </line>
            <line>
              <![CDATA[2022-12-02 10:50:05.167  Information-->  App File ID, Name and Version will be taken from SauceLabs]]>
            </line>
            <line>
              <![CDATA[2022-12-02 10:50:05.171  Information-->  SauceLabs, Florence App File ID: c6c926f0-69ee-4733-9856-20c7831d6cdb]]>
            </line>
            <line>
              <![CDATA[2022-12-02 10:50:05.174  Information-->  SauceLabs, Florence App Name env - Version: Florence UAT - 2022.13.1-1]]>
            </line>
            <line>
              <![CDATA[2022-12-02 10:50:05.176  Information-->  Running Suite: Test Set - Privacy Policy, one "UAT" environment]]>
            </line>
            <line>
              <![CDATA[2022-12-02 10:50:05.180  Information-->  Capabilities set for SauceLabs iOS Real Device - App, OS: 16]]>
            </line>
            <line>
              <![CDATA[2022-12-02 10:50:36.332  Information-->  SauceLabs Run Details Status: 200]]>
            </line>
          </reporter-output>
        </test-method> <!-- startSession -->
        <test-method is-config="true" signature="precondition()[pri:0, instance:testing.appium.eBinders.Privacy_Policy@341aa84d]" started-at="2022-12-02T10:50:36 CET" name="precondition" description="Wait for the application to boot up" finished-at="2022-12-02T10:50:52 CET" duration-ms="16400" status="PASS">
          <reporter-output>
            <line>
              <![CDATA[2022-12-02 10:50:36.435  Waiting--> For the Application to Load]]>
            </line>
            <line>
              <![CDATA[2022-12-02 10:50:37.044  Information-->  Application is Running]]>
            </line>
            <line>
              <![CDATA[2022-12-02 10:50:37.046  Waiting--> for "Sign In Button" to be Visible]]>
            </line>
            <line>
              <![CDATA[2022-12-02 10:50:38.470  Action-->  Click on Sign In Button]]>
            </line>
            <line>
              <![CDATA[2022-12-02 10:50:38.471  Waiting--> for "Florence Logo" to be Visible]]>
            </line>
            <line>
              <![CDATA[2022-12-02 10:50:39.518  Action-->  Click on Florence Logo]]>
            </line>
            <line>
              <![CDATA[2022-12-02 10:50:39.518  Waiting--> for "Welcome Message" to be Visible]]>
            </line>
            <line>
              <![CDATA[2022-12-02 10:50:40.547  Assert-->  Verification successful - "Choose An Environment" is Present]]>
            </line>
            <line>
              <![CDATA[2022-12-02 10:50:40.549  Waiting--> for "UAT" element to be Clickable]]>
            </line>
            <line>
              <![CDATA[2022-12-02 10:50:41.462  Action-->  Click on "UAT" element]]>
            </line>
            <line>
              <![CDATA[2022-12-02 10:50:41.465  Waiting--> for "UAT" element to be Clickable]]>
            </line>
            <line>
              <![CDATA[2022-12-02 10:50:42.432  Assert-->  Verification successful: UAT Environment is selected]]>
            </line>
            <line>
              <![CDATA[2022-12-02 10:50:42.433  Waiting--> for "Email Field" to be Visible]]>
            </line>
            <line>
              <![CDATA[2022-12-02 10:50:44.685  Action-->  Click on Email Field]]>
            </line>
            <line>
              <![CDATA[2022-12-02 10:50:46.647  Action-->  Input Email Field: mobile.automation+firstlogin@florencehc.com
]]>
            </line>
            <line>
              <![CDATA[2022-12-02 10:50:46.648  Waiting--> for "Next Button" to be Visible]]>
            </line>
            <line>
              <![CDATA[2022-12-02 10:50:48.120  Action-->  Click on Next Button]]>
            </line>
            <line>
              <![CDATA[2022-12-02 10:50:48.121  Waiting--> for "Password Field" to be Visible]]>
            </line>
            <line>
              <![CDATA[2022-12-02 10:50:50.481  Action-->  Click on Password Field]]>
            </line>
            <line>
              <![CDATA[2022-12-02 10:50:51.420  Action-->  Input Password Field: Password123*
]]>
            </line>
            <line>
              <![CDATA[2022-12-02 10:50:51.421  Waiting--> for "Sign In Button" to be Visible]]>
            </line>
            <line>
              <![CDATA[2022-12-02 10:50:52.833  Action-->  Click on Sign In Button]]>
            </line>
          </reporter-output>
        </test-method> <!-- precondition -->
        <test-method is-config="true" signature="beforeMethod(java.lang.reflect.Method,java.lang.String,java.lang.String,java.lang.String,org.testng.ITestResult)[pri:0, instance:testing.appium.eBinders.Privacy_Policy@341aa84d]" started-at="2022-12-02T10:50:52 CET" name="beforeMethod" description="Set the Diver attribute for the needs of the result" finished-at="2022-12-02T10:50:52 CET" duration-ms="1" status="PASS">
          <params>
            <param index="0">
              <value>
                <![CDATA[public void testing.appium.eBinders.Privacy_Policy.mobile_Privacy_Policy_Agreement_EEA_UK_and_Europe_Privacy_Policy_Back_Button() throws java.lang.InterruptedException]]>
              </value>
            </param>
            <param index="1">
              <value>
                <![CDATA[Safari]]>
              </value>
            </param>
            <param index="2">
              <value>
                <![CDATA[SauceLabs_iOS_RealDevice_App]]>
              </value>
            </param>
            <param index="3">
              <value>
                <![CDATA[iOS]]>
              </value>
            </param>
            <param index="4">
              <value>
                <![CDATA[[TestResult name={null} status=CREATED method=Privacy_Policy.mobile_Privacy_Policy_Agreement_EEA_UK_and_Europe_Privacy_Policy_Back_Button()[pri:0, instance:testing.appium.eBinders.Privacy_Policy@341aa84d] output={null}]]]>
              </value>
            </param>
          </params>
          <reporter-output>
          </reporter-output>
        </test-method> <!-- beforeMethod -->
        <test-method signature="mobile_Privacy_Policy_Agreement_EEA_UK_and_Europe_Privacy_Policy_Back_Button()[pri:0, instance:testing.appium.eBinders.Privacy_Policy@341aa84d]" started-at="2022-12-02T10:50:52 CET" name="mobile_Privacy_Policy_Agreement_EEA_UK_and_Europe_Privacy_Policy_Back_Button" description="Test case checks if Privacy Policy Agreement EEA UK and Europe Privacy Policy Back Button works" finished-at="2022-12-02T10:51:35 CET" duration-ms="42945" status="PASS">
          <reporter-output>
            <line>
              <![CDATA[2022-12-02 10:50:52.857  Waiting--> for "Terms of Use Page Title" to be Visible]]>
            </line>
            <line>
              <![CDATA[2022-12-02 10:51:05.102  Assert-->  Verification successful - "Terms of Use" is Present]]>
            </line>
            <line>
              <![CDATA[2022-12-02 10:51:12.236  Action-->  Scrolling down -Start:568px -End:8px]]>
            </line>
            <line>
              <![CDATA[2022-12-02 10:51:21.915  Action-->  Scrolling down -Start:568px -End:8px]]>
            </line>
            <line>
              <![CDATA[2022-12-02 10:51:23.912  Action-->  Scrolling down -Start:568px -End:8px]]>
            </line>
            <line>
              <![CDATA[2022-12-02 10:51:25.473  Action-->  Scrolling down -Start:568px -End:8px]]>
            </line>
            <line>
              <![CDATA[2022-12-02 10:51:25.473  Waiting--> for "I Agree Button" to be Visible]]>
            </line>
            <line>
              <![CDATA[2022-12-02 10:51:30.289  Action-->  Click on I Agree Button]]>
            </line>
            <line>
              <![CDATA[--- Test Case - mobile_Privacy_Policy_Agreement_EEA_UK_and_Europe_Privacy_Policy_Back_Button -- Finish --> {color:#36b37e}*PASSED*{color} ---\n]]>
            </line>
            <line>
              <![CDATA[\n --- *Test Environment* ---  \nTest Execution video: [https://app.eu-central-1.saucelabs.com/tests/2a9032fd6f0b4458835841517edd15c9?auth=d524770424471a20a65a22346aee3edc|https://app.eu-central-1.saucelabs.com/tests/2a9032fd6f0b4458835841517edd15c9?auth=d524770424471a20a65a22346aee3edc]\nExecution name: eBinders-Florence UAT - 2022.13.1-1 - iOS --> Test Set - Privacy Policy\nDevice name: iPhone XR\nPlatform: iOS\nOS version: 15.6.1\nApp Name: Florence - eBinders\nEnvironment: UAT\nApp Version: 2022.13.1]]>
            </line>
            <line>
              <![CDATA[[32m------------ >>>[ Test PASSED: mobile_Privacy_Policy_Agreement_EEA_UK_and_Europe_Privacy_Policy_Back_Button ]<<< ------------[0m]]>
            </line>
          </reporter-output>
        </test-method> <!-- mobile_Privacy_Policy_Agreement_EEA_UK_and_Europe_Privacy_Policy_Back_Button -->
        <test-method is-config="true" signature="postcondition(java.lang.String)[pri:0, instance:testing.appium.eBinders.Privacy_Policy@341aa84d]" started-at="2022-12-02T10:51:35 CET" name="postcondition" description="Restore the application to the minimum common state for all Test Cases" finished-at="2022-12-02T10:51:35 CET" duration-ms="1" status="PASS">
          <params>
            <param index="0">
              <value>
                <![CDATA[Safari]]>
              </value>
            </param>
          </params>
          <reporter-output>
            <line>
              <![CDATA[2022-12-02 10:51:35.893  Information-->  There si no postcondition procedure for TC: mobile_Privacy_Policy_Agreement_EEA_UK_and_Europe_Privacy_Policy_Back_Button]]>
            </line>
          </reporter-output>
        </test-method> <!-- postcondition -->
        <test-method is-config="true" signature="endSession()[pri:0, instance:testing.appium.eBinders.Privacy_Policy@341aa84d]" started-at="2022-12-02T10:51:35 CET" name="endSession" description="Quit the driver and close the session" finished-at="2022-12-02T10:51:36 CET" duration-ms="180" status="PASS">
          <reporter-output>
            <line>
              <![CDATA[2022-12-02 10:51:36.076  Action-->  Driver quit]]>
            </line>
          </reporter-output>
        </test-method> <!-- endSession -->
      </class> <!-- testing.appium.eBinders.Privacy_Policy -->
    </test> <!-- Privacy Policy -->
  </suite> <!-- Test Set - Privacy Policy -->
</testng-results>
